<?xml version="1.0" encoding="UTF-8"?>
<!-- Generated by org.testng.reporters.JUnitXMLReporter -->
<testsuite ignored="0" hostname="DESKTOP-CN7194J" failures="1" tests="1" name="Default test(failed)" time="27.541" errors="0" timestamp="2023-12-29T20:17:03 IST">
  <testcase classname="bstack.testCases.HomePageTest_002" name="homepage" time="13.055">
    <failure type="java.lang.AssertionError" message="expected:&amp;lt;[399, 429, 499, 499, 549, 599, 599, 599, 649, 699, 699, 699, 799, 799, 899, 899, 899, 899, 999, 999, 999, 1099, 1199, 1299, 1399]&amp;gt; but was:&amp;lt;[799, 699, 1099, 999, 599, 699, 549, 499, 649, 999, 1199, 1399, 899, 699, 999, 1299, 899, 599, 399, 799, 899, 899, 599, 499, 429]&amp;gt;">
      <![CDATA[java.lang.AssertionError: expected:<[399, 429, 499, 499, 549, 599, 599, 599, 649, 699, 699, 699, 799, 799, 899, 899, 899, 899, 999, 999, 999, 1099, 1199, 1299, 1399]> but was:<[799, 699, 1099, 999, 599, 699, 549, 499, 649, 999, 1199, 1399, 899, 699, 999, 1299, 899, 599, 399, 799, 899, 899, 599, 499, 429]>
at org.junit.Assert.fail(Assert.java:88)
at org.junit.Assert.failNotEquals(Assert.java:743)
at org.junit.Assert.assertEquals(Assert.java:118)
at org.junit.Assert.assertEquals(Assert.java:144)
at bstack.testCases.HomePageTest_002.checkIsLtoH(HomePageTest_002.java:77)
at bstack.testCases.HomePageTest_002.homepage(HomePageTest_002.java:49)
at java.base/java.util.ArrayList.forEach(ArrayList.java:1596)
... Removed 25 stack frames]]>
    </failure>
  </testcase> <!-- homepage -->
</testsuite> <!-- Default test(failed) -->
