<?xml version="1.0" encoding="UTF-8"?>
<!-- Generated by org.testng.reporters.JUnitXMLReporter -->
<testsuite ignored="0" hostname="DESKTOP-CN7194J" failures="9" tests="22" name="Test" time="216.88" errors="0" timestamp="2024-01-04T12:59:51 IST">
  <testcase classname="bstack.testCases.LoginTest_001" name="loginTest" time="1.948"/>
  <testcase classname="bstack.testCases.LoginTest_001" name="loginTest" time="1.927"/>
  <testcase classname="bstack.testCases.LoginTest_001" name="loginTest" time="2.384"/>
  <testcase classname="bstack.testCases.LoginTest_001" name="loginTest" time="1.795"/>
  <testcase classname="bstack.testCases.LoginTest_001" name="loginTest" time="10.743">
    <failure type="java.io.FileNotFoundException" message=".\Screenshots\LoginTestThu_Jan_04_12:56:41_IST_2024.png (The filename, directory name, or volume label syntax is incorrect)">
      <![CDATA[java.io.FileNotFoundException: .\Screenshots\LoginTestThu_Jan_04_12:56:41_IST_2024.png (The filename, directory name, or volume label syntax is incorrect)
at java.base/java.io.FileOutputStream.open0(Native Method)
at java.base/java.io.FileOutputStream.open(FileOutputStream.java:289)
at java.base/java.io.FileOutputStream.<init>(FileOutputStream.java:230)
at com.google.common.io.Files$FileByteSink.openStream(Files.java:197)
at com.google.common.io.Files$FileByteSink.openStream(Files.java:185)
at com.google.common.io.ByteSource.copyTo(ByteSource.java:279)
at com.google.common.io.Files.copy(Files.java:328)
at bstack.testCases.BaseClass.takeSs(BaseClass.java:73)
at bstack.testCases.LoginTest_001.loginTest(LoginTest_001.java:43)
at java.base/java.util.ArrayList.forEach(ArrayList.java:1596)
... Removed 25 stack frames]]>
    </failure>
  </testcase> <!-- loginTest -->
  <testcase classname="bstack.testCases.LoginTest_001" name="loginTest" time="10.521">
    <failure type="java.io.FileNotFoundException" message=".\Screenshots\LoginTestThu_Jan_04_12:56:52_IST_2024.png (The filename, directory name, or volume label syntax is incorrect)">
      <![CDATA[java.io.FileNotFoundException: .\Screenshots\LoginTestThu_Jan_04_12:56:52_IST_2024.png (The filename, directory name, or volume label syntax is incorrect)
at java.base/java.io.FileOutputStream.open0(Native Method)
at java.base/java.io.FileOutputStream.open(FileOutputStream.java:289)
at java.base/java.io.FileOutputStream.<init>(FileOutputStream.java:230)
at com.google.common.io.Files$FileByteSink.openStream(Files.java:197)
at com.google.common.io.Files$FileByteSink.openStream(Files.java:185)
at com.google.common.io.ByteSource.copyTo(ByteSource.java:279)
at com.google.common.io.Files.copy(Files.java:328)
at bstack.testCases.BaseClass.takeSs(BaseClass.java:73)
at bstack.testCases.LoginTest_001.loginTest(LoginTest_001.java:43)
at java.base/java.util.ArrayList.forEach(ArrayList.java:1596)
... Removed 25 stack frames]]>
    </failure>
  </testcase> <!-- loginTest -->
  <testcase classname="bstack.testCases.LoginTest_001" name="loginTest" time="10.549">
    <failure type="java.io.FileNotFoundException" message=".\Screenshots\LoginTestThu_Jan_04_12:57:02_IST_2024.png (The filename, directory name, or volume label syntax is incorrect)">
      <![CDATA[java.io.FileNotFoundException: .\Screenshots\LoginTestThu_Jan_04_12:57:02_IST_2024.png (The filename, directory name, or volume label syntax is incorrect)
at java.base/java.io.FileOutputStream.open0(Native Method)
at java.base/java.io.FileOutputStream.open(FileOutputStream.java:289)
at java.base/java.io.FileOutputStream.<init>(FileOutputStream.java:230)
at com.google.common.io.Files$FileByteSink.openStream(Files.java:197)
at com.google.common.io.Files$FileByteSink.openStream(Files.java:185)
at com.google.common.io.ByteSource.copyTo(ByteSource.java:279)
at com.google.common.io.Files.copy(Files.java:328)
at bstack.testCases.BaseClass.takeSs(BaseClass.java:73)
at bstack.testCases.LoginTest_001.loginTest(LoginTest_001.java:43)
at java.base/java.util.ArrayList.forEach(ArrayList.java:1596)
... Removed 25 stack frames]]>
    </failure>
  </testcase> <!-- loginTest -->
  <testcase classname="bstack.testCases.LoginTest_001" name="loginTest" time="10.533">
    <failure type="java.io.FileNotFoundException" message=".\Screenshots\LoginTestThu_Jan_04_12:57:13_IST_2024.png (The filename, directory name, or volume label syntax is incorrect)">
      <![CDATA[java.io.FileNotFoundException: .\Screenshots\LoginTestThu_Jan_04_12:57:13_IST_2024.png (The filename, directory name, or volume label syntax is incorrect)
at java.base/java.io.FileOutputStream.open0(Native Method)
at java.base/java.io.FileOutputStream.open(FileOutputStream.java:289)
at java.base/java.io.FileOutputStream.<init>(FileOutputStream.java:230)
at com.google.common.io.Files$FileByteSink.openStream(Files.java:197)
at com.google.common.io.Files$FileByteSink.openStream(Files.java:185)
at com.google.common.io.ByteSource.copyTo(ByteSource.java:279)
at com.google.common.io.Files.copy(Files.java:328)
at bstack.testCases.BaseClass.takeSs(BaseClass.java:73)
at bstack.testCases.LoginTest_001.loginTest(LoginTest_001.java:43)
at java.base/java.util.ArrayList.forEach(ArrayList.java:1596)
... Removed 25 stack frames]]>
    </failure>
  </testcase> <!-- loginTest -->
  <testcase classname="bstack.testCases.LoginTest_001" name="loginTest" time="10.532">
    <failure type="java.io.FileNotFoundException" message=".\Screenshots\LoginTestThu_Jan_04_12:57:23_IST_2024.png (The filename, directory name, or volume label syntax is incorrect)">
      <![CDATA[java.io.FileNotFoundException: .\Screenshots\LoginTestThu_Jan_04_12:57:23_IST_2024.png (The filename, directory name, or volume label syntax is incorrect)
at java.base/java.io.FileOutputStream.open0(Native Method)
at java.base/java.io.FileOutputStream.open(FileOutputStream.java:289)
at java.base/java.io.FileOutputStream.<init>(FileOutputStream.java:230)
at com.google.common.io.Files$FileByteSink.openStream(Files.java:197)
at com.google.common.io.Files$FileByteSink.openStream(Files.java:185)
at com.google.common.io.ByteSource.copyTo(ByteSource.java:279)
at com.google.common.io.Files.copy(Files.java:328)
at bstack.testCases.BaseClass.takeSs(BaseClass.java:73)
at bstack.testCases.LoginTest_001.loginTest(LoginTest_001.java:43)
at java.base/java.util.ArrayList.forEach(ArrayList.java:1596)
... Removed 25 stack frames]]>
    </failure>
  </testcase> <!-- loginTest -->
  <testcase classname="bstack.testCases.HomePageTest_002" name="homepage" time="34.347"/>
  <testcase classname="bstack.testCases.FavouritesTest_003" name="favourites" time="7.131"/>
  <testcase classname="bstack.testCases.BagTest_004" name="bagTest" time="24.616"/>
  <testcase classname="bstack.testCases.CheckoutTest_005" name="checkoutTest" time="3.498"/>
  <testcase classname="bstack.testCases.CheckoutTest_005" name="checkoutTest" time="11.405">
    <failure type="java.lang.AssertionError" message="expected [true] but found [false]">
      <![CDATA[java.lang.AssertionError: expected [true] but found [false]
at bstack.testCases.CheckoutTest_005.checkoutTest(CheckoutTest_005.java:54)
at java.base/java.util.ArrayList.forEach(ArrayList.java:1596)
... Removed 29 stack frames]]>
    </failure>
  </testcase> <!-- checkoutTest -->
  <testcase classname="bstack.testCases.CheckoutTest_005" name="checkoutTest" time="3.229"/>
  <testcase classname="bstack.testCases.CheckoutTest_005" name="checkoutTest" time="11.455">
    <failure type="java.lang.AssertionError" message="expected [true] but found [false]">
      <![CDATA[java.lang.AssertionError: expected [true] but found [false]
at bstack.testCases.CheckoutTest_005.checkoutTest(CheckoutTest_005.java:54)
at java.base/java.util.ArrayList.forEach(ArrayList.java:1596)
... Removed 29 stack frames]]>
    </failure>
  </testcase> <!-- checkoutTest -->
  <testcase classname="bstack.testCases.CheckoutTest_005" name="checkoutTest" time="3.159"/>
  <testcase classname="bstack.testCases.CheckoutTest_005" name="checkoutTest" time="11.422">
    <failure type="java.lang.AssertionError" message="expected [true] but found [false]">
      <![CDATA[java.lang.AssertionError: expected [true] but found [false]
at bstack.testCases.CheckoutTest_005.checkoutTest(CheckoutTest_005.java:54)
at java.base/java.util.ArrayList.forEach(ArrayList.java:1596)
... Removed 29 stack frames]]>
    </failure>
  </testcase> <!-- checkoutTest -->
  <testcase classname="bstack.testCases.CheckoutTest_005" name="checkoutTest" time="3.129"/>
  <testcase classname="bstack.testCases.CheckoutTest_005" name="checkoutTest" time="3.064"/>
  <testcase classname="bstack.testCases.CheckoutTest_005" name="checkoutTest" time="3.036"/>
  <testcase classname="bstack.testCases.CheckoutTest_005" name="checkoutTest" time="0.011">
    <failure type="java.lang.IllegalArgumentException" message="Keys to send should be a not null CharSequence">
      <![CDATA[java.lang.IllegalArgumentException: Keys to send should be a not null CharSequence
at org.openqa.selenium.remote.RemoteWebElement.sendKeys(RemoteWebElement.java:97)
at org.openqa.selenium.support.pagefactory.internal.LocatingElementHandler.invoke(LocatingElementHandler.java:51)
at jdk.proxy2/jdk.proxy2.$Proxy31.sendKeys(Unknown Source)
at bstack.pageObjects.CheckoutPage.firstname(CheckoutPage.java:35)
at bstack.testCases.CheckoutTest_005.checkoutTest(CheckoutTest_005.java:37)
at java.base/java.util.ArrayList.forEach(ArrayList.java:1596)
... Removed 27 stack frames]]>
    </failure>
  </testcase> <!-- checkoutTest -->
</testsuite> <!-- Test -->
