<?xml version="1.0" encoding="UTF-8"?>
<!-- Generated by org.testng.reporters.JUnitXMLReporter -->
<testsuite ignored="0" hostname="DESKTOP-CN7194J" failures="9" tests="22" name="Test" time="224.883" errors="0" timestamp="2024-01-04T13:13:30 IST">
  <testcase classname="bstack.testCases.LoginTest_001" name="loginTest" time="4.838"/>
  <testcase classname="bstack.testCases.LoginTest_001" name="loginTest" time="1.929"/>
  <testcase classname="bstack.testCases.LoginTest_001" name="loginTest" time="1.864"/>
  <testcase classname="bstack.testCases.LoginTest_001" name="loginTest" time="1.91"/>
  <testcase classname="bstack.testCases.LoginTest_001" name="loginTest" time="10.633">
    <failure type="java.io.FileNotFoundException" message=".\Screenshots\LoginTestThu_Jan_04_13:10:13_IST_2024.png (The filename, directory name, or volume label syntax is incorrect)">
      <![CDATA[java.io.FileNotFoundException: .\Screenshots\LoginTestThu_Jan_04_13:10:13_IST_2024.png (The filename, directory name, or volume label syntax is incorrect)
at java.base/java.io.FileOutputStream.open0(Native Method)
at java.base/java.io.FileOutputStream.open(FileOutputStream.java:289)
at java.base/java.io.FileOutputStream.<init>(FileOutputStream.java:230)
at com.google.common.io.Files$FileByteSink.openStream(Files.java:197)
at com.google.common.io.Files$FileByteSink.openStream(Files.java:185)
at com.google.common.io.ByteSource.copyTo(ByteSource.java:279)
at com.google.common.io.Files.copy(Files.java:328)
at bstack.testCases.BaseClass.takeSs(BaseClass.java:73)
at bstack.testCases.LoginTest_001.loginTest(LoginTest_001.java:43)
at java.base/java.util.ArrayList.forEach(ArrayList.java:1596)
... Removed 29 stack frames]]>
    </failure>
  </testcase> <!-- loginTest -->
  <testcase classname="bstack.testCases.LoginTest_001" name="loginTest" time="10.533">
    <failure type="java.io.FileNotFoundException" message=".\Screenshots\LoginTestThu_Jan_04_13:10:24_IST_2024.png (The filename, directory name, or volume label syntax is incorrect)">
      <![CDATA[java.io.FileNotFoundException: .\Screenshots\LoginTestThu_Jan_04_13:10:24_IST_2024.png (The filename, directory name, or volume label syntax is incorrect)
at java.base/java.io.FileOutputStream.open0(Native Method)
at java.base/java.io.FileOutputStream.open(FileOutputStream.java:289)
at java.base/java.io.FileOutputStream.<init>(FileOutputStream.java:230)
at com.google.common.io.Files$FileByteSink.openStream(Files.java:197)
at com.google.common.io.Files$FileByteSink.openStream(Files.java:185)
at com.google.common.io.ByteSource.copyTo(ByteSource.java:279)
at com.google.common.io.Files.copy(Files.java:328)
at bstack.testCases.BaseClass.takeSs(BaseClass.java:73)
at bstack.testCases.LoginTest_001.loginTest(LoginTest_001.java:43)
at java.base/java.util.ArrayList.forEach(ArrayList.java:1596)
... Removed 29 stack frames]]>
    </failure>
  </testcase> <!-- loginTest -->
  <testcase classname="bstack.testCases.LoginTest_001" name="loginTest" time="10.549">
    <failure type="java.io.FileNotFoundException" message=".\Screenshots\LoginTestThu_Jan_04_13:10:35_IST_2024.png (The filename, directory name, or volume label syntax is incorrect)">
      <![CDATA[java.io.FileNotFoundException: .\Screenshots\LoginTestThu_Jan_04_13:10:35_IST_2024.png (The filename, directory name, or volume label syntax is incorrect)
at java.base/java.io.FileOutputStream.open0(Native Method)
at java.base/java.io.FileOutputStream.open(FileOutputStream.java:289)
at java.base/java.io.FileOutputStream.<init>(FileOutputStream.java:230)
at com.google.common.io.Files$FileByteSink.openStream(Files.java:197)
at com.google.common.io.Files$FileByteSink.openStream(Files.java:185)
at com.google.common.io.ByteSource.copyTo(ByteSource.java:279)
at com.google.common.io.Files.copy(Files.java:328)
at bstack.testCases.BaseClass.takeSs(BaseClass.java:73)
at bstack.testCases.LoginTest_001.loginTest(LoginTest_001.java:43)
at java.base/java.util.ArrayList.forEach(ArrayList.java:1596)
... Removed 29 stack frames]]>
    </failure>
  </testcase> <!-- loginTest -->
  <testcase classname="bstack.testCases.LoginTest_001" name="loginTest" time="10.533">
    <failure type="java.io.FileNotFoundException" message=".\Screenshots\LoginTestThu_Jan_04_13:10:45_IST_2024.png (The filename, directory name, or volume label syntax is incorrect)">
      <![CDATA[java.io.FileNotFoundException: .\Screenshots\LoginTestThu_Jan_04_13:10:45_IST_2024.png (The filename, directory name, or volume label syntax is incorrect)
at java.base/java.io.FileOutputStream.open0(Native Method)
at java.base/java.io.FileOutputStream.open(FileOutputStream.java:289)
at java.base/java.io.FileOutputStream.<init>(FileOutputStream.java:230)
at com.google.common.io.Files$FileByteSink.openStream(Files.java:197)
at com.google.common.io.Files$FileByteSink.openStream(Files.java:185)
at com.google.common.io.ByteSource.copyTo(ByteSource.java:279)
at com.google.common.io.Files.copy(Files.java:328)
at bstack.testCases.BaseClass.takeSs(BaseClass.java:73)
at bstack.testCases.LoginTest_001.loginTest(LoginTest_001.java:43)
at java.base/java.util.ArrayList.forEach(ArrayList.java:1596)
... Removed 29 stack frames]]>
    </failure>
  </testcase> <!-- loginTest -->
  <testcase classname="bstack.testCases.LoginTest_001" name="loginTest" time="10.51">
    <failure type="java.io.FileNotFoundException" message=".\Screenshots\LoginTestThu_Jan_04_13:10:56_IST_2024.png (The filename, directory name, or volume label syntax is incorrect)">
      <![CDATA[java.io.FileNotFoundException: .\Screenshots\LoginTestThu_Jan_04_13:10:56_IST_2024.png (The filename, directory name, or volume label syntax is incorrect)
at java.base/java.io.FileOutputStream.open0(Native Method)
at java.base/java.io.FileOutputStream.open(FileOutputStream.java:289)
at java.base/java.io.FileOutputStream.<init>(FileOutputStream.java:230)
at com.google.common.io.Files$FileByteSink.openStream(Files.java:197)
at com.google.common.io.Files$FileByteSink.openStream(Files.java:185)
at com.google.common.io.ByteSource.copyTo(ByteSource.java:279)
at com.google.common.io.Files.copy(Files.java:328)
at bstack.testCases.BaseClass.takeSs(BaseClass.java:73)
at bstack.testCases.LoginTest_001.loginTest(LoginTest_001.java:43)
at java.base/java.util.ArrayList.forEach(ArrayList.java:1596)
... Removed 29 stack frames]]>
    </failure>
  </testcase> <!-- loginTest -->
  <testcase classname="bstack.testCases.HomePageTest_002" name="homepage" time="32.344"/>
  <testcase classname="bstack.testCases.FavouritesTest_003" name="favourites" time="9.856"/>
  <testcase classname="bstack.testCases.BagTest_004" name="bagTest" time="20.54"/>
  <testcase classname="bstack.testCases.CheckoutTest_005" name="checkoutTest" time="3.495"/>
  <testcase classname="bstack.testCases.CheckoutTest_005" name="checkoutTest" time="11.38">
    <failure type="java.lang.AssertionError" message="expected [true] but found [false]">
      <![CDATA[java.lang.AssertionError: expected [true] but found [false]
at bstack.testCases.CheckoutTest_005.checkoutTest(CheckoutTest_005.java:54)
at java.base/java.util.ArrayList.forEach(ArrayList.java:1596)
... Removed 33 stack frames]]>
    </failure>
  </testcase> <!-- checkoutTest -->
  <testcase classname="bstack.testCases.CheckoutTest_005" name="checkoutTest" time="3.801"/>
  <testcase classname="bstack.testCases.CheckoutTest_005" name="checkoutTest" time="11.429">
    <failure type="java.lang.AssertionError" message="expected [true] but found [false]">
      <![CDATA[java.lang.AssertionError: expected [true] but found [false]
at bstack.testCases.CheckoutTest_005.checkoutTest(CheckoutTest_005.java:54)
at java.base/java.util.ArrayList.forEach(ArrayList.java:1596)
... Removed 33 stack frames]]>
    </failure>
  </testcase> <!-- checkoutTest -->
  <testcase classname="bstack.testCases.CheckoutTest_005" name="checkoutTest" time="3.668"/>
  <testcase classname="bstack.testCases.CheckoutTest_005" name="checkoutTest" time="11.413">
    <failure type="java.lang.AssertionError" message="expected [true] but found [false]">
      <![CDATA[java.lang.AssertionError: expected [true] but found [false]
at bstack.testCases.CheckoutTest_005.checkoutTest(CheckoutTest_005.java:54)
at java.base/java.util.ArrayList.forEach(ArrayList.java:1596)
... Removed 33 stack frames]]>
    </failure>
  </testcase> <!-- checkoutTest -->
  <testcase classname="bstack.testCases.CheckoutTest_005" name="checkoutTest" time="3.642"/>
  <testcase classname="bstack.testCases.CheckoutTest_005" name="checkoutTest" time="3.123"/>
  <testcase classname="bstack.testCases.CheckoutTest_005" name="checkoutTest" time="3.069"/>
  <testcase classname="bstack.testCases.CheckoutTest_005" name="checkoutTest" time="0.006">
    <failure type="java.lang.IllegalArgumentException" message="Keys to send should be a not null CharSequence">
      <![CDATA[java.lang.IllegalArgumentException: Keys to send should be a not null CharSequence
at org.openqa.selenium.remote.RemoteWebElement.sendKeys(RemoteWebElement.java:97)
at org.openqa.selenium.support.pagefactory.internal.LocatingElementHandler.invoke(LocatingElementHandler.java:51)
at jdk.proxy2/jdk.proxy2.$Proxy28.sendKeys(Unknown Source)
at bstack.pageObjects.CheckoutPage.firstname(CheckoutPage.java:35)
at bstack.testCases.CheckoutTest_005.checkoutTest(CheckoutTest_005.java:37)
at java.base/java.util.ArrayList.forEach(ArrayList.java:1596)
... Removed 31 stack frames]]>
    </failure>
  </testcase> <!-- checkoutTest -->
</testsuite> <!-- Test -->
