<!DOCTYPE html PUBLIC "-//W3C//DTD XHTML 1.1//EN" "https://www.w3.org/TR/xhtml11/DTD/xhtml11.dtd">
<html xmlns="https://www.w3.org/1999/xhtml">
<head>
<meta http-equiv="content-type" content="text/html; charset=UTF-8"/>
<title>TestNG Report</title>
<style type="text/css">table {margin-bottom:10px;border-collapse:collapse;empty-cells:show}th,td {border:1px solid #009;padding:.25em .5em}th {vertical-align:bottom}td {vertical-align:top}table a {font-weight:bold}.stripe td {background-color: #E6EBF9}.num {text-align:right}.passedodd td {background-color: #3F3}.passedeven td {background-color: #0A0}.skippedodd td {background-color: #DDD}.skippedeven td {background-color: #CCC}.failedodd td,.attn {background-color: #F33}.failedeven td,.stripe .attn {background-color: #D00}.stacktrace {white-space:pre;font-family:monospace}.totop {font-size:85%;text-align:center;border-bottom:2px solid #000}.invisible {display:none}</style>
</head>
<body>
<table>
<tr><th>Test</th><th># Passed</th><th># Skipped</th><th># Retried</th><th># Failed</th><th>Time (ms)</th><th>Included Groups</th><th>Excluded Groups</th></tr>
<tr><th colspan="8">Suite</th></tr>
<tr><td><a href="#t0">Test</a></td><td class="num">13</td><td class="num">0</td><td class="num">0</td><td class="num attn">9</td><td class="num">216,880</td><td></td><td></td></tr>
</table>
<table id='summary'><thead><tr><th>Class</th><th>Method</th><th>Start</th><th>Time (ms)</th></tr></thead><tbody><tr><th colspan="4">Suite</th></tr></tbody><tbody id="t0"><tr><th colspan="4">Test &#8212; failed</th></tr><tr class="failedeven"><td rowspan="4">bstack.testCases.CheckoutTest_005</td><td><a href="#m0">checkoutTest</a></td><td rowspan="4">1704353339777</td><td rowspan="4">11405</td></tr><tr class="failedeven"><td><a href="#m1">checkoutTest</a></td></tr><tr class="failedeven"><td><a href="#m2">checkoutTest</a></td></tr><tr class="failedeven"><td><a href="#m3">checkoutTest</a></td></tr><tr class="failedodd"><td rowspan="5">bstack.testCases.LoginTest_001</td><td><a href="#m4">loginTest</a></td><td rowspan="5">1704353222605</td><td rowspan="5">10533</td></tr><tr class="failedodd"><td><a href="#m5">loginTest</a></td></tr><tr class="failedodd"><td><a href="#m6">loginTest</a></td></tr><tr class="failedodd"><td><a href="#m7">loginTest</a></td></tr><tr class="failedodd"><td><a href="#m8">loginTest</a></td></tr><tr><th colspan="4">Test &#8212; passed</th></tr><tr class="passedeven"><td rowspan="1">bstack.testCases.BagTest_004</td><td><a href="#m9">bagTest</a></td><td rowspan="1">1704353300731</td><td rowspan="1">24616</td></tr><tr class="passedodd"><td rowspan="6">bstack.testCases.CheckoutTest_005</td><td><a href="#m10">checkoutTest</a></td><td rowspan="6">1704353365868</td><td rowspan="6">3159</td></tr><tr class="passedodd"><td><a href="#m11">checkoutTest</a></td></tr><tr class="passedodd"><td><a href="#m12">checkoutTest</a></td></tr><tr class="passedodd"><td><a href="#m13">checkoutTest</a></td></tr><tr class="passedodd"><td><a href="#m14">checkoutTest</a></td></tr><tr class="passedodd"><td><a href="#m15">checkoutTest</a></td></tr><tr class="passedeven"><td rowspan="1">bstack.testCases.FavouritesTest_003</td><td><a href="#m16">favourites</a></td><td rowspan="1">1704353287837</td><td rowspan="1">7131</td></tr><tr class="passedodd"><td rowspan="1">bstack.testCases.HomePageTest_002</td><td><a href="#m17">homepage</a></td><td rowspan="1">1704353248594</td><td rowspan="1">34347</td></tr><tr class="passedeven"><td rowspan="4">bstack.testCases.LoginTest_001</td><td><a href="#m18">loginTest</a></td><td rowspan="4">1704353186580</td><td rowspan="4">2384</td></tr><tr class="passedeven"><td><a href="#m19">loginTest</a></td></tr><tr class="passedeven"><td><a href="#m20">loginTest</a></td></tr><tr class="passedeven"><td><a href="#m21">loginTest</a></td></tr></tbody>
</table>
<h2>Test</h2><h3 id="m0">bstack.testCases.CheckoutTest_005#checkoutTest</h3><table class="result"><tr class="param"><th>Parameter #1</th><th>Parameter #2</th><th>Parameter #3</th><th>Parameter #4</th><th>Parameter #5</th></tr><tr class="param stripe"><td>Hinata</td><td></td><td>Hyderabad</td><td>Telangana</td><td>567BN</td></tr><tr><th colspan="5">Exception</th></tr><tr><td colspan="5"><div class="stacktrace">java.lang.AssertionError: expected [true] but found [false]
	at bstack.testCases.CheckoutTest_005.checkoutTest(CheckoutTest_005.java:54)
	at java.base/java.util.ArrayList.forEach(ArrayList.java:1596)
... Removed 29 stack frames</div></td></tr></table><p class="totop"><a href="#summary">back to summary</a></p>
<h3 id="m1">bstack.testCases.CheckoutTest_005#checkoutTest</h3><table class="result"><tr class="param"><th>Parameter #1</th><th>Parameter #2</th><th>Parameter #3</th><th>Parameter #4</th><th>Parameter #5</th></tr><tr class="param stripe"><td>null</td><td>null</td><td>null</td><td>null</td><td>null</td></tr><tr><th colspan="5">Exception</th></tr><tr><td colspan="5"><div class="stacktrace">java.lang.IllegalArgumentException: Keys to send should be a not null CharSequence
	at org.openqa.selenium.remote.RemoteWebElement.sendKeys(RemoteWebElement.java:97)
	at org.openqa.selenium.support.pagefactory.internal.LocatingElementHandler.invoke(LocatingElementHandler.java:51)
	at jdk.proxy2/jdk.proxy2.$Proxy31.sendKeys(Unknown Source)
	at bstack.pageObjects.CheckoutPage.firstname(CheckoutPage.java:35)
	at bstack.testCases.CheckoutTest_005.checkoutTest(CheckoutTest_005.java:37)
	at java.base/java.util.ArrayList.forEach(ArrayList.java:1596)
... Removed 27 stack frames</div></td></tr></table><p class="totop"><a href="#summary">back to summary</a></p>
<h3 id="m2">bstack.testCases.CheckoutTest_005#checkoutTest</h3><table class="result"><tr class="param"><th>Parameter #1</th><th>Parameter #2</th><th>Parameter #3</th><th>Parameter #4</th><th>Parameter #5</th></tr><tr class="param stripe"><td>Hina</td><td>Uzumaki</td><td>Hyderabad</td><td>Telangana</td><td></td></tr><tr><th colspan="5">Exception</th></tr><tr><td colspan="5"><div class="stacktrace">java.lang.AssertionError: expected [true] but found [false]
	at bstack.testCases.CheckoutTest_005.checkoutTest(CheckoutTest_005.java:54)
	at java.base/java.util.ArrayList.forEach(ArrayList.java:1596)
... Removed 29 stack frames</div></td></tr></table><p class="totop"><a href="#summary">back to summary</a></p>
<h3 id="m3">bstack.testCases.CheckoutTest_005#checkoutTest</h3><table class="result"><tr class="param"><th>Parameter #1</th><th>Parameter #2</th><th>Parameter #3</th><th>Parameter #4</th><th>Parameter #5</th></tr><tr class="param stripe"><td>Hina</td><td>Uzumaki</td><td></td><td>Telangana</td><td>567BN</td></tr><tr><th colspan="5">Exception</th></tr><tr><td colspan="5"><div class="stacktrace">java.lang.AssertionError: expected [true] but found [false]
	at bstack.testCases.CheckoutTest_005.checkoutTest(CheckoutTest_005.java:54)
	at java.base/java.util.ArrayList.forEach(ArrayList.java:1596)
... Removed 29 stack frames</div></td></tr></table><p class="totop"><a href="#summary">back to summary</a></p>
<h3 id="m4">bstack.testCases.LoginTest_001#loginTest</h3><table class="result"><tr class="param"><th>Parameter #1</th><th>Parameter #2</th></tr><tr class="param stripe"><td>test</td><td></td></tr><tr><th colspan="2">Exception</th></tr><tr><td colspan="2"><div class="stacktrace">java.io.FileNotFoundException: .\Screenshots\LoginTestThu_Jan_04_12:57:13_IST_2024.png (The filename, directory name, or volume label syntax is incorrect)
	at java.base/java.io.FileOutputStream.open0(Native Method)
	at java.base/java.io.FileOutputStream.open(FileOutputStream.java:289)
	at java.base/java.io.FileOutputStream.&lt;init&gt;(FileOutputStream.java:230)
	at com.google.common.io.Files$FileByteSink.openStream(Files.java:197)
	at com.google.common.io.Files$FileByteSink.openStream(Files.java:185)
	at com.google.common.io.ByteSource.copyTo(ByteSource.java:279)
	at com.google.common.io.Files.copy(Files.java:328)
	at bstack.testCases.BaseClass.takeSs(BaseClass.java:73)
	at bstack.testCases.LoginTest_001.loginTest(LoginTest_001.java:43)
	at java.base/java.util.ArrayList.forEach(ArrayList.java:1596)
... Removed 25 stack frames</div></td></tr></table><p class="totop"><a href="#summary">back to summary</a></p>
<h3 id="m5">bstack.testCases.LoginTest_001#loginTest</h3><table class="result"><tr class="param"><th>Parameter #1</th><th>Parameter #2</th></tr><tr class="param stripe"><td>locked_user</td><td>testingisfun99</td></tr><tr><th colspan="2">Exception</th></tr><tr><td colspan="2"><div class="stacktrace">java.io.FileNotFoundException: .\Screenshots\LoginTestThu_Jan_04_12:56:41_IST_2024.png (The filename, directory name, or volume label syntax is incorrect)
	at java.base/java.io.FileOutputStream.open0(Native Method)
	at java.base/java.io.FileOutputStream.open(FileOutputStream.java:289)
	at java.base/java.io.FileOutputStream.&lt;init&gt;(FileOutputStream.java:230)
	at com.google.common.io.Files$FileByteSink.openStream(Files.java:197)
	at com.google.common.io.Files$FileByteSink.openStream(Files.java:185)
	at com.google.common.io.ByteSource.copyTo(ByteSource.java:279)
	at com.google.common.io.Files.copy(Files.java:328)
	at bstack.testCases.BaseClass.takeSs(BaseClass.java:73)
	at bstack.testCases.LoginTest_001.loginTest(LoginTest_001.java:43)
	at java.base/java.util.ArrayList.forEach(ArrayList.java:1596)
... Removed 25 stack frames</div></td></tr></table><p class="totop"><a href="#summary">back to summary</a></p>
<h3 id="m6">bstack.testCases.LoginTest_001#loginTest</h3><table class="result"><tr class="param"><th>Parameter #1</th><th>Parameter #2</th></tr><tr class="param stripe"><td>    </td><td>   </td></tr><tr><th colspan="2">Exception</th></tr><tr><td colspan="2"><div class="stacktrace">java.io.FileNotFoundException: .\Screenshots\LoginTestThu_Jan_04_12:56:52_IST_2024.png (The filename, directory name, or volume label syntax is incorrect)
	at java.base/java.io.FileOutputStream.open0(Native Method)
	at java.base/java.io.FileOutputStream.open(FileOutputStream.java:289)
	at java.base/java.io.FileOutputStream.&lt;init&gt;(FileOutputStream.java:230)
	at com.google.common.io.Files$FileByteSink.openStream(Files.java:197)
	at com.google.common.io.Files$FileByteSink.openStream(Files.java:185)
	at com.google.common.io.ByteSource.copyTo(ByteSource.java:279)
	at com.google.common.io.Files.copy(Files.java:328)
	at bstack.testCases.BaseClass.takeSs(BaseClass.java:73)
	at bstack.testCases.LoginTest_001.loginTest(LoginTest_001.java:43)
	at java.base/java.util.ArrayList.forEach(ArrayList.java:1596)
... Removed 25 stack frames</div></td></tr></table><p class="totop"><a href="#summary">back to summary</a></p>
<h3 id="m7">bstack.testCases.LoginTest_001#loginTest</h3><table class="result"><tr class="param"><th>Parameter #1</th><th>Parameter #2</th></tr><tr class="param stripe"><td>12345</td><td>@123</td></tr><tr><th colspan="2">Exception</th></tr><tr><td colspan="2"><div class="stacktrace">java.io.FileNotFoundException: .\Screenshots\LoginTestThu_Jan_04_12:57:02_IST_2024.png (The filename, directory name, or volume label syntax is incorrect)
	at java.base/java.io.FileOutputStream.open0(Native Method)
	at java.base/java.io.FileOutputStream.open(FileOutputStream.java:289)
	at java.base/java.io.FileOutputStream.&lt;init&gt;(FileOutputStream.java:230)
	at com.google.common.io.Files$FileByteSink.openStream(Files.java:197)
	at com.google.common.io.Files$FileByteSink.openStream(Files.java:185)
	at com.google.common.io.ByteSource.copyTo(ByteSource.java:279)
	at com.google.common.io.Files.copy(Files.java:328)
	at bstack.testCases.BaseClass.takeSs(BaseClass.java:73)
	at bstack.testCases.LoginTest_001.loginTest(LoginTest_001.java:43)
	at java.base/java.util.ArrayList.forEach(ArrayList.java:1596)
... Removed 25 stack frames</div></td></tr></table><p class="totop"><a href="#summary">back to summary</a></p>
<h3 id="m8">bstack.testCases.LoginTest_001#loginTest</h3><table class="result"><tr class="param"><th>Parameter #1</th><th>Parameter #2</th></tr><tr class="param stripe"><td></td><td>test1</td></tr><tr><th colspan="2">Exception</th></tr><tr><td colspan="2"><div class="stacktrace">java.io.FileNotFoundException: .\Screenshots\LoginTestThu_Jan_04_12:57:23_IST_2024.png (The filename, directory name, or volume label syntax is incorrect)
	at java.base/java.io.FileOutputStream.open0(Native Method)
	at java.base/java.io.FileOutputStream.open(FileOutputStream.java:289)
	at java.base/java.io.FileOutputStream.&lt;init&gt;(FileOutputStream.java:230)
	at com.google.common.io.Files$FileByteSink.openStream(Files.java:197)
	at com.google.common.io.Files$FileByteSink.openStream(Files.java:185)
	at com.google.common.io.ByteSource.copyTo(ByteSource.java:279)
	at com.google.common.io.Files.copy(Files.java:328)
	at bstack.testCases.BaseClass.takeSs(BaseClass.java:73)
	at bstack.testCases.LoginTest_001.loginTest(LoginTest_001.java:43)
	at java.base/java.util.ArrayList.forEach(ArrayList.java:1596)
... Removed 25 stack frames</div></td></tr></table><p class="totop"><a href="#summary">back to summary</a></p>
<h3 id="m9">bstack.testCases.BagTest_004#bagTest</h3><table class="result"><tr><th class="invisible"/></tr></table><p class="totop"><a href="#summary">back to summary</a></p>
<h3 id="m10">bstack.testCases.CheckoutTest_005#checkoutTest</h3><table class="result"><tr class="param"><th>Parameter #1</th><th>Parameter #2</th><th>Parameter #3</th><th>Parameter #4</th><th>Parameter #5</th></tr><tr class="param stripe"><td>Hina</td><td>Uzumaki</td><td>Hyderabad</td><td></td><td>567BN</td></tr></table><p class="totop"><a href="#summary">back to summary</a></p>
<h3 id="m11">bstack.testCases.CheckoutTest_005#checkoutTest</h3><table class="result"><tr class="param"><th>Parameter #1</th><th>Parameter #2</th><th>Parameter #3</th><th>Parameter #4</th><th>Parameter #5</th></tr><tr class="param stripe"><td>Naruto</td><td>Uzumaki</td><td>Hyderabad</td><td>Telangana</td><td>567BN</td></tr></table><p class="totop"><a href="#summary">back to summary</a></p>
<h3 id="m12">bstack.testCases.CheckoutTest_005#checkoutTest</h3><table class="result"><tr class="param"><th>Parameter #1</th><th>Parameter #2</th><th>Parameter #3</th><th>Parameter #4</th><th>Parameter #5</th></tr><tr class="param stripe"><td></td><td>Uzumaki</td><td>Hyderabad</td><td>Telangana</td><td>567BN</td></tr></table><p class="totop"><a href="#summary">back to summary</a></p>
<h3 id="m13">bstack.testCases.CheckoutTest_005#checkoutTest</h3><table class="result"><tr class="param"><th>Parameter #1</th><th>Parameter #2</th><th>Parameter #3</th><th>Parameter #4</th><th>Parameter #5</th></tr><tr class="param stripe"><td>a</td><td>a</td><td>a</td><td>s</td><td>a</td></tr></table><p class="totop"><a href="#summary">back to summary</a></p>
<h3 id="m14">bstack.testCases.CheckoutTest_005#checkoutTest</h3><table class="result"><tr class="param"><th>Parameter #1</th><th>Parameter #2</th><th>Parameter #3</th><th>Parameter #4</th><th>Parameter #5</th></tr><tr class="param stripe"><td>#</td><td>$</td><td>^</td><td>*</td><td>@</td></tr></table><p class="totop"><a href="#summary">back to summary</a></p>
<h3 id="m15">bstack.testCases.CheckoutTest_005#checkoutTest</h3><table class="result"><tr class="param"><th>Parameter #1</th><th>Parameter #2</th><th>Parameter #3</th><th>Parameter #4</th><th>Parameter #5</th></tr><tr class="param stripe"><td>      </td><td>     </td><td>     </td><td>     </td><td>   </td></tr></table><p class="totop"><a href="#summary">back to summary</a></p>
<h3 id="m16">bstack.testCases.FavouritesTest_003#favourites</h3><table class="result"><tr><th class="invisible"/></tr></table><p class="totop"><a href="#summary">back to summary</a></p>
<h3 id="m17">bstack.testCases.HomePageTest_002#homepage</h3><table class="result"><tr><th class="invisible"/></tr></table><p class="totop"><a href="#summary">back to summary</a></p>
<h3 id="m18">bstack.testCases.LoginTest_001#loginTest</h3><table class="result"><tr class="param"><th>Parameter #1</th><th>Parameter #2</th></tr><tr class="param stripe"><td>existing_orders_user</td><td>testingisfun99</td></tr></table><p class="totop"><a href="#summary">back to summary</a></p>
<h3 id="m19">bstack.testCases.LoginTest_001#loginTest</h3><table class="result"><tr class="param"><th>Parameter #1</th><th>Parameter #2</th></tr><tr class="param stripe"><td>demouser</td><td>testingisfun99</td></tr></table><p class="totop"><a href="#summary">back to summary</a></p>
<h3 id="m20">bstack.testCases.LoginTest_001#loginTest</h3><table class="result"><tr class="param"><th>Parameter #1</th><th>Parameter #2</th></tr><tr class="param stripe"><td>fav_user</td><td>testingisfun99</td></tr></table><p class="totop"><a href="#summary">back to summary</a></p>
<h3 id="m21">bstack.testCases.LoginTest_001#loginTest</h3><table class="result"><tr class="param"><th>Parameter #1</th><th>Parameter #2</th></tr><tr class="param stripe"><td>image_not_loading_user</td><td>testingisfun99</td></tr></table><p class="totop"><a href="#summary">back to summary</a></p>
</body>
</html>
